# JRE version: OpenJDK Runtime Environment (14.0.2+12) (build 14.0.2+12-46)
# Java VM: OpenJDK 64-Bit Server VM (14.0.2+12-46, mixed mode, tiered, compressed oops, g1 gc, windows-amd64)
Heap:
 garbage-first heap   total 889856K, used 532418K [0x0000000081c00000, 0x0000000100000000)
  region size 1024K, 6 young (6144K), 5 survivors (5120K)
 Metaspace       used 23950K, capacity 24251K, committed 24320K, reserved 1071104K
  class space    used 2677K, capacity 2791K, committed 2816K, reserved 1048576K
GC Heap History (20 events):
Event: 173.662 GC heap before
{Heap before GC invocations=59 (full 0):
 garbage-first heap   total 481280K, used 387584K [0x0000000081c00000, 0x0000000100000000)
  region size 1024K, 53 young (54272K), 9 survivors (9216K)
 Metaspace       used 23948K, capacity 24250K, committed 24320K, reserved 1071104K
  class space    used 2677K, capacity 2791K, committed 2816K, reserved 1048576K
}
Event: 173.694 GC heap after
{Heap after GC invocations=60 (full 0):
 garbage-first heap   total 481280K, used 362496K [0x0000000081c00000, 0x0000000100000000)
  region size 1024K, 7 young (7168K), 7 survivors (7168K)
 Metaspace       used 23948K, capacity 24250K, committed 24320K, reserved 1071104K
  class space    used 2677K, capacity 2791K, committed 2816K, reserved 1048576K
}
Event: 181.919 GC heap before
{Heap before GC invocations=60 (full 0):
 garbage-first heap   total 481280K, used 398336K [0x0000000081c00000, 0x0000000100000000)
  region size 1024K, 42 young (43008K), 7 survivors (7168K)
 Metaspace       used 23948K, capacity 24250K, committed 24320K, reserved 1071104K
  class space    used 2677K, capacity 2791K, committed 2816K, reserved 1048576K
}
Event: 181.944 GC heap after
{Heap after GC invocations=61 (full 0):
 garbage-first heap   total 481280K, used 378368K [0x0000000081c00000, 0x0000000100000000)
  region size 1024K, 6 young (6144K), 6 survivors (6144K)
 Metaspace       used 23948K, capacity 24250K, committed 24320K, reserved 1071104K
  class space    used 2677K, capacity 2791K, committed 2816K, reserved 1048576K
}
Event: 187.125 GC heap before
{Heap before GC invocations=62 (full 0):
 garbage-first heap   total 647168K, used 404992K [0x0000000081c00000, 0x0000000100000000)
  region size 1024K, 33 young (33792K), 6 survivors (6144K)
 Metaspace       used 23948K, capacity 24250K, committed 24320K, reserved 1071104K
  class space    used 2677K, capacity 2791K, committed 2816K, reserved 1048576K
}
Event: 187.146 GC heap after
{Heap after GC invocations=63 (full 0):
 garbage-first heap   total 647168K, used 389981K [0x0000000081c00000, 0x0000000100000000)
  region size 1024K, 5 young (5120K), 5 survivors (5120K)
 Metaspace       used 23948K, capacity 24250K, committed 24320K, reserved 1071104K
  class space    used 2677K, capacity 2791K, committed 2816K, reserved 1048576K
}
Event: 199.404 GC heap before
{Heap before GC invocations=63 (full 0):
 garbage-first heap   total 647168K, used 416605K [0x0000000081c00000, 0x0000000100000000)
  region size 1024K, 31 young (31744K), 5 survivors (5120K)
 Metaspace       used 23948K, capacity 24250K, committed 24320K, reserved 1071104K
  class space    used 2677K, capacity 2791K, committed 2816K, reserved 1048576K
}
Event: 199.453 GC heap after
{Heap after GC invocations=64 (full 0):
 garbage-first heap   total 647168K, used 365566K [0x0000000081c00000, 0x0000000100000000)
  region size 1024K, 4 young (4096K), 4 survivors (4096K)
 Metaspace       used 23948K, capacity 24250K, committed 24320K, reserved 1071104K
  class space    used 2677K, capacity 2791K, committed 2816K, reserved 1048576K
}
Event: 270.862 GC heap before
{Heap before GC invocations=64 (full 0):
 garbage-first heap   total 647168K, used 480254K [0x0000000081c00000, 0x0000000100000000)
  region size 1024K, 113 young (115712K), 4 survivors (4096K)
 Metaspace       used 23950K, capacity 24251K, committed 24320K, reserved 1071104K
  class space    used 2677K, capacity 2791K, committed 2816K, reserved 1048576K
}
Event: 270.924 GC heap after
{Heap after GC invocations=65 (full 0):
 garbage-first heap   total 647168K, used 415232K [0x0000000081c00000, 0x0000000100000000)
  region size 1024K, 15 young (15360K), 15 survivors (15360K)
 Metaspace       used 23950K, capacity 24251K, committed 24320K, reserved 1071104K
  class space    used 2677K, capacity 2791K, committed 2816K, reserved 1048576K
}
Event: 302.618 GC heap before
{Heap before GC invocations=65 (full 0):
 garbage-first heap   total 647168K, used 503296K [0x0000000081c00000, 0x0000000100000000)
  region size 1024K, 96 young (98304K), 15 survivors (15360K)
 Metaspace       used 23950K, capacity 24251K, committed 24320K, reserved 1071104K
  class space    used 2677K, capacity 2791K, committed 2816K, reserved 1048576K
}
Event: 302.678 GC heap after
{Heap after GC invocations=66 (full 0):
 garbage-first heap   total 647168K, used 456192K [0x0000000081c00000, 0x0000000100000000)
  region size 1024K, 12 young (12288K), 12 survivors (12288K)
 Metaspace       used 23950K, capacity 24251K, committed 24320K, reserved 1071104K
  class space    used 2677K, capacity 2791K, committed 2816K, reserved 1048576K
}
Event: 347.148 GC heap before
{Heap before GC invocations=66 (full 0):
 garbage-first heap   total 647168K, used 520704K [0x0000000081c00000, 0x0000000100000000)
  region size 1024K, 75 young (76800K), 12 survivors (12288K)
 Metaspace       used 23950K, capacity 24251K, committed 24320K, reserved 1071104K
  class space    used 2677K, capacity 2791K, committed 2816K, reserved 1048576K
}
Event: 347.193 GC heap after
{Heap after GC invocations=67 (full 0):
 garbage-first heap   total 647168K, used 484864K [0x0000000081c00000, 0x0000000100000000)
  region size 1024K, 10 young (10240K), 10 survivors (10240K)
 Metaspace       used 23950K, capacity 24251K, committed 24320K, reserved 1071104K
  class space    used 2677K, capacity 2791K, committed 2816K, reserved 1048576K
}
Event: 369.799 GC heap before
{Heap before GC invocations=67 (full 0):
 garbage-first heap   total 647168K, used 534016K [0x0000000081c00000, 0x0000000100000000)
  region size 1024K, 58 young (59392K), 10 survivors (10240K)
 Metaspace       used 23950K, capacity 24251K, committed 24320K, reserved 1071104K
  class space    used 2677K, capacity 2791K, committed 2816K, reserved 1048576K
}
Event: 369.832 GC heap after
{Heap after GC invocations=68 (full 0):
 garbage-first heap   total 647168K, used 506880K [0x0000000081c00000, 0x0000000100000000)
  region size 1024K, 8 young (8192K), 8 survivors (8192K)
 Metaspace       used 23950K, capacity 24251K, committed 24320K, reserved 1071104K
  class space    used 2677K, capacity 2791K, committed 2816K, reserved 1048576K
}
Event: 379.423 GC heap before
{Heap before GC invocations=68 (full 0):
 garbage-first heap   total 647168K, used 544768K [0x0000000081c00000, 0x0000000100000000)
  region size 1024K, 45 young (46080K), 8 survivors (8192K)
 Metaspace       used 23950K, capacity 24251K, committed 24320K, reserved 1071104K
  class space    used 2677K, capacity 2791K, committed 2816K, reserved 1048576K
}
Event: 379.452 GC heap after
{Heap after GC invocations=69 (full 0):
 garbage-first heap   total 647168K, used 524288K [0x0000000081c00000, 0x0000000100000000)
  region size 1024K, 6 young (6144K), 6 survivors (6144K)
 Metaspace       used 23950K, capacity 24251K, committed 24320K, reserved 1071104K
  class space    used 2677K, capacity 2791K, committed 2816K, reserved 1048576K
}
Event: 399.165 GC heap before
{Heap before GC invocations=69 (full 0):
 garbage-first heap   total 647168K, used 552960K [0x0000000081c00000, 0x0000000100000000)
  region size 1024K, 34 young (34816K), 6 survivors (6144K)
 Metaspace       used 23950K, capacity 24251K, committed 24320K, reserved 1071104K
  class space    used 2677K, capacity 2791K, committed 2816K, reserved 1048576K
}
Event: 399.188 GC heap after
{Heap after GC invocations=70 (full 0):
 garbage-first heap   total 647168K, used 537538K [0x0000000081c00000, 0x0000000100000000)
  region size 1024K, 5 young (5120K), 5 survivors (5120K)
 Metaspace       used 23950K, capacity 24251K, committed 24320K, reserved 1071104K
  class space    used 2677K, capacity 2791K, committed 2816K, reserved 1048576K
}

